Using pre-set license
Built from '2020.3/support/zd130524' branch; Version is '2020.3.36f1 (71f96b79b9f0) revision 7469419'; Using compiler version '192528614'; Build Type 'Release'
OS: 'Windows 10  (10.0.19044) 64bit Professional' Language: 'ko' Physical Memory: 16310 MB
BatchMode: 1, IsHumanControllingUs: 0, StartBugReporterOnCrash: 0, Is64bit: 1, IsPro: 0

COMMAND LINE ARGUMENTS:
C:\Program Files\Unity\Hub\Editor\2020.3.36f1\Editor\Unity.exe
-adb2
-batchMode
-noUpm
-name
AssetImportWorker0
-projectPath
C:/Users/hyunhee/Documents/GitHub/A-Dance-of-Fire-and-Ice/A dance of fire and ice
-logFile
Logs/AssetImportWorker0.log
-srvPort
59599
Successfully changed project path to: C:/Users/hyunhee/Documents/GitHub/A-Dance-of-Fire-and-Ice/A dance of fire and ice
C:/Users/hyunhee/Documents/GitHub/A-Dance-of-Fire-and-Ice/A dance of fire and ice
Using Asset Import Pipeline V2.
Refreshing native plugins compatible for Editor in 39.30 ms, found 3 plugins.
Preloading 0 native plugins for Editor in 0.00 ms.
Initialize engine version: 2020.3.36f1 (71f96b79b9f0)
[Subsystems] Discovering subsystems at path C:/Program Files/Unity/Hub/Editor/2020.3.36f1/Editor/Data/Resources/UnitySubsystems
[Subsystems] Discovering subsystems at path C:/Users/hyunhee/Documents/GitHub/A-Dance-of-Fire-and-Ice/A dance of fire and ice/Assets
GfxDevice: creating device client; threaded=0
Direct3D:
    Version:  Direct3D 11.0 [level 11.1]
    Renderer: NVIDIA GeForce RTX 3060 (ID=0x2504)
    Vendor:   
    VRAM:     12143 MB
    Driver:   30.0.14.7288
Initialize mono
Mono path[0] = 'C:/Program Files/Unity/Hub/Editor/2020.3.36f1/Editor/Data/Managed'
Mono path[1] = 'C:/Program Files/Unity/Hub/Editor/2020.3.36f1/Editor/Data/MonoBleedingEdge/lib/mono/unityjit'
Mono config path = 'C:/Program Files/Unity/Hub/Editor/2020.3.36f1/Editor/Data/MonoBleedingEdge/etc'
Using monoOptions --debugger-agent=transport=dt_socket,embedding=1,server=y,suspend=n,address=127.0.0.1:56536
Begin MonoManager ReloadAssembly
Registering precompiled unity dll's ...
Register platform support module: C:/Program Files/Unity/Hub/Editor/2020.3.36f1/Editor/Data/PlaybackEngines/WindowsStandaloneSupport/UnityEditor.WindowsStandalone.Extensions.dll
Registered in 0.005786 seconds.
Native extension for WindowsStandalone target not found
Refreshing native plugins compatible for Editor in 34.30 ms, found 3 plugins.
Preloading 0 native plugins for Editor in 0.00 ms.
Mono: successfully reloaded assembly
- Completed reload, in  0.501 seconds
Domain Reload Profiling:
	ReloadAssembly (501ms)
		BeginReloadAssembly (101ms)
			ExecutionOrderSort (0ms)
			DisableScriptedObjects (0ms)
			BackupInstance (0ms)
			ReleaseScriptingObjects (0ms)
			CreateAndSetChildDomain (0ms)
		EndReloadAssembly (325ms)
			LoadAssemblies (95ms)
			RebuildTransferFunctionScriptingTraits (0ms)
			SetupTypeCache (94ms)
			ReleaseScriptCaches (0ms)
			RebuildScriptCaches (19ms)
			SetupLoadedEditorAssemblies (122ms)
				LogAssemblyErrors (0ms)
				InitializePlatformSupportModulesInManaged (4ms)
				SetLoadedEditorAssemblies (0ms)
				RefreshPlugins (34ms)
				BeforeProcessingInitializeOnLoad (13ms)
				ProcessInitializeOnLoadAttributes (52ms)
				ProcessInitializeOnLoadMethodAttributes (18ms)
				AfterProcessingInitializeOnLoad (0ms)
				EditorAssembliesLoaded (0ms)
			ExecutionOrderSort2 (0ms)
			AwakeInstancesAfterBackupRestoration (0ms)
Platform modules already initialized, skipping
Registering precompiled user dll's ...
Registered in 0.007392 seconds.
Begin MonoManager ReloadAssembly
Native extension for WindowsStandalone target not found
Refreshing native plugins compatible for Editor in 33.56 ms, found 3 plugins.
Preloading 0 native plugins for Editor in 0.00 ms.
Mono: successfully reloaded assembly
- Completed reload, in  0.923 seconds
Domain Reload Profiling:
	ReloadAssembly (924ms)
		BeginReloadAssembly (154ms)
			ExecutionOrderSort (0ms)
			DisableScriptedObjects (3ms)
			BackupInstance (0ms)
			ReleaseScriptingObjects (0ms)
			CreateAndSetChildDomain (14ms)
		EndReloadAssembly (703ms)
			LoadAssemblies (141ms)
			RebuildTransferFunctionScriptingTraits (0ms)
			SetupTypeCache (191ms)
			ReleaseScriptCaches (0ms)
			RebuildScriptCaches (29ms)
			SetupLoadedEditorAssemblies (302ms)
				LogAssemblyErrors (0ms)
				InitializePlatformSupportModulesInManaged (3ms)
				SetLoadedEditorAssemblies (0ms)
				RefreshPlugins (34ms)
				BeforeProcessingInitializeOnLoad (98ms)
				ProcessInitializeOnLoadAttributes (130ms)
				ProcessInitializeOnLoadMethodAttributes (16ms)
				AfterProcessingInitializeOnLoad (20ms)
				EditorAssembliesLoaded (0ms)
			ExecutionOrderSort2 (0ms)
			AwakeInstancesAfterBackupRestoration (1ms)
Platform modules already initialized, skipping
========================================================================
Worker process is ready to serve import requests
Launched and connected shader compiler UnityShaderCompiler.exe after 0.04 seconds
Refreshing native plugins compatible for Editor in 0.44 ms, found 3 plugins.
Preloading 0 native plugins for Editor in 0.00 ms.
Unloading 2214 Unused Serialized files (Serialized files now loaded: 0)
System memory in use before: 117.8 MB.
System memory in use after: 117.8 MB.

Unloading 30 unused Assets to reduce memory usage. Loaded Objects now: 2670.
Total: 2.491600 ms (FindLiveObjects: 0.138900 ms CreateObjectMapping: 0.042700 ms MarkObjects: 2.206100 ms  DeleteObjects: 0.103300 ms)

AssetImportParameters requested are different than current active one (requested -> active):
  custom:framework-win-MediaFoundation: 216162199b28c13a410421893ffa2e32 -> 
  custom:video-decoder-ogg-theora: a1e56fd34408186e4bbccfd4996cb3dc -> 
  custom:container-muxer-webm: aa71ff27fc2769a1b78a27578f13a17b -> 
  custom:container-demuxer-webm: 4f35f7cbe854078d1ac9338744f61a02 -> 
  custom:container-demuxer-ogg: 62fdf1f143b41e24485cea50d1cbac27 -> 
  custom:video-encoder-webm-vp8: eb34c28f22e8b96e1ab97ce403110664 -> 
  custom:video-decoder-webm-vp8: 9c59270c3fd7afecdb556c50c9e8de78 -> 
  custom:audio-decoder-ogg-vorbis: bf7c407c2cedff20999df2af8eb42d56 -> 
  custom:audio-encoder-webm-vorbis: bf7c407c2cedff20999df2af8eb42d56 -> 
========================================================================
Received Import Request.
  path: Assets/1.Scene/1-6.unity
  artifactKey: Guid(724fa72bd0b46eb40b207b5df4ccff94) Importer(815301076,1909f56bfc062723c751e8b465ee728b)
Start importing Assets/1.Scene/1-6.unity using Guid(724fa72bd0b46eb40b207b5df4ccff94) Importer(815301076,1909f56bfc062723c751e8b465ee728b)  -> (artifact id: '2cb55dc2b6dd0d070c933aceabc105b2') in 0.006519 seconds 
========================================================================
Received Import Request.
  Time since last request: 0.000128 seconds.
  path: Assets/1.Scene/1-x.unity
  artifactKey: Guid(bbfe58e9072a26b40860099aabf47b90) Importer(815301076,1909f56bfc062723c751e8b465ee728b)
Start importing Assets/1.Scene/1-x.unity using Guid(bbfe58e9072a26b40860099aabf47b90) Importer(815301076,1909f56bfc062723c751e8b465ee728b)  -> (artifact id: '9f34bfa0bfd42291c3b8e754ef6f45bb') in 0.004125 seconds 
========================================================================
Received Import Request.
  Time since last request: 0.000113 seconds.
  path: Assets/1.Scene/Intro.unity
  artifactKey: Guid(d8751221d17654549b8ebe769531b5fd) Importer(815301076,1909f56bfc062723c751e8b465ee728b)
Start importing Assets/1.Scene/Intro.unity using Guid(d8751221d17654549b8ebe769531b5fd) Importer(815301076,1909f56bfc062723c751e8b465ee728b)  -> (artifact id: '5d75580fd203e29219719c23035032d9') in 0.003492 seconds 
========================================================================
Received Import Request.
  Time since last request: 0.000143 seconds.
  path: Assets/1.Scene
  artifactKey: Guid(323e2128446d1774ea6257fadb6f134c) Importer(815301076,1909f56bfc062723c751e8b465ee728b)
Start importing Assets/1.Scene using Guid(323e2128446d1774ea6257fadb6f134c) Importer(815301076,1909f56bfc062723c751e8b465ee728b)  -> (artifact id: '7ae51085d1deec45b0df7d94e1106a4c') in 0.003657 seconds 
========================================================================
Received Import Request.
  Time since last request: 15.478359 seconds.
  path: Packages/com.unity.2d.spriteshape/Editor/ObjectMenuCreation/DefaultAssets/Sprite Shapes/Closed Sprite Shape.prefab
  artifactKey: Guid(c0583b4e855c74b8c82e7b9b5efb5ce9) Importer(815301076,1909f56bfc062723c751e8b465ee728b)
Start importing Packages/com.unity.2d.spriteshape/Editor/ObjectMenuCreation/DefaultAssets/Sprite Shapes/Closed Sprite Shape.prefab using Guid(c0583b4e855c74b8c82e7b9b5efb5ce9) Importer(815301076,1909f56bfc062723c751e8b465ee728b)  -> (artifact id: '2d633a999cd0db5a929fdc6b8a7f437c') in 0.098995 seconds 
========================================================================
Received Import Request.
  Time since last request: 0.000137 seconds.
  path: Assets/Tile (100).prefab
  artifactKey: Guid(99f0f7d37bd63ca40ad3d85fdfc868d2) Importer(815301076,1909f56bfc062723c751e8b465ee728b)
Start importing Assets/Tile (100).prefab using Guid(99f0f7d37bd63ca40ad3d85fdfc868d2) Importer(815301076,1909f56bfc062723c751e8b465ee728b)  -> (artifact id: '2d925fc976738e3c58f390b14f4e1e36') in 0.015897 seconds 
========================================================================
Received Import Request.
  Time since last request: 0.000188 seconds.
  path: Packages/com.unity.2d.spriteshape/Editor/ObjectMenuCreation/DefaultAssets/Sprite Shapes/Open Sprite Shape.prefab
  artifactKey: Guid(86ae7de409eb54f619fb1328e4d42480) Importer(815301076,1909f56bfc062723c751e8b465ee728b)
Start importing Packages/com.unity.2d.spriteshape/Editor/ObjectMenuCreation/DefaultAssets/Sprite Shapes/Open Sprite Shape.prefab using Guid(86ae7de409eb54f619fb1328e4d42480) Importer(815301076,1909f56bfc062723c751e8b465ee728b)  -> (artifact id: 'c78a7b90d603d0a33c7b4e3280488626') in 0.012867 seconds 
========================================================================
Received Import Request.
  Time since last request: 0.000158 seconds.
  path: Assets/4.Sprite/Tile.prefab
  artifactKey: Guid(7fe3ef5299dc1a944abf3a6b48635243) Importer(815301076,1909f56bfc062723c751e8b465ee728b)
Start importing Assets/4.Sprite/Tile.prefab using Guid(7fe3ef5299dc1a944abf3a6b48635243) Importer(815301076,1909f56bfc062723c751e8b465ee728b)  -> (artifact id: 'a8ff988eddd7e6b75e1602d64f10cb88') in 0.026693 seconds 
========================================================================
Received Import Request.
  Time since last request: 0.000152 seconds.
  path: Assets/4.Sprite/coli.prefab
  artifactKey: Guid(835caac060a7eda4382897a94878295a) Importer(815301076,1909f56bfc062723c751e8b465ee728b)
Start importing Assets/4.Sprite/coli.prefab using Guid(835caac060a7eda4382897a94878295a) Importer(815301076,1909f56bfc062723c751e8b465ee728b)  -> (artifact id: 'fad3ba545cc0fb55eec2dd411b143253') in 0.018387 seconds 
========================================================================
Received Import Request.
  Time since last request: 2920.578797 seconds.
  path: Assets/3.Script/Game/Dot/G_CircleController.cs
  artifactKey: Guid(4f21041721dc3704daa25f925c1287e6) Importer(815301076,1909f56bfc062723c751e8b465ee728b)
Start importing Assets/3.Script/Game/Dot/G_CircleController.cs using Guid(4f21041721dc3704daa25f925c1287e6) Importer(815301076,1909f56bfc062723c751e8b465ee728b)  -> (artifact id: '4e9d7accbc2446f352960f8f8bcb2f90') in 0.010089 seconds 
========================================================================
Received Import Request.
  Time since last request: 123.647463 seconds.
  path: Assets/3.Script/Game/Dot/G_DotController.cs
  artifactKey: Guid(060a2ec54ab601a479d11ad86cf23fca) Importer(815301076,1909f56bfc062723c751e8b465ee728b)
Start importing Assets/3.Script/Game/Dot/G_DotController.cs using Guid(060a2ec54ab601a479d11ad86cf23fca) Importer(815301076,1909f56bfc062723c751e8b465ee728b)  -> (artifact id: 'caa39f01c77aff37ecc45ae7870e3cff') in 0.004010 seconds 
========================================================================
Received Import Request.
  Time since last request: 25.522711 seconds.
  path: Assets/3.Script/Game/Dot/G_DotController.cs
  artifactKey: Guid(060a2ec54ab601a479d11ad86cf23fca) Importer(815301076,1909f56bfc062723c751e8b465ee728b)
Start importing Assets/3.Script/Game/Dot/G_DotController.cs using Guid(060a2ec54ab601a479d11ad86cf23fca) Importer(815301076,1909f56bfc062723c751e8b465ee728b)  -> (artifact id: '0cc9f0a1217e48f422b0de5576c84e20') in 0.004179 seconds 
========================================================================
Received Prepare
Registering precompiled user dll's ...
Registered in 0.007875 seconds.
Begin MonoManager ReloadAssembly
Native extension for WindowsStandalone target not found
Refreshing native plugins compatible for Editor in 0.45 ms, found 3 plugins.
Preloading 0 native plugins for Editor in 0.00 ms.
Mono: successfully reloaded assembly
- Completed reload, in  0.879 seconds
Domain Reload Profiling:
	ReloadAssembly (880ms)
		BeginReloadAssembly (154ms)
			ExecutionOrderSort (0ms)
			DisableScriptedObjects (4ms)
			BackupInstance (0ms)
			ReleaseScriptingObjects (0ms)
			CreateAndSetChildDomain (28ms)
		EndReloadAssembly (659ms)
			LoadAssemblies (147ms)
			RebuildTransferFunctionScriptingTraits (0ms)
			SetupTypeCache (192ms)
			ReleaseScriptCaches (1ms)
			RebuildScriptCaches (28ms)
			SetupLoadedEditorAssemblies (273ms)
				LogAssemblyErrors (0ms)
				InitializePlatformSupportModulesInManaged (4ms)
				SetLoadedEditorAssemblies (0ms)
				RefreshPlugins (0ms)
				BeforeProcessingInitializeOnLoad (101ms)
				ProcessInitializeOnLoadAttributes (135ms)
				ProcessInitializeOnLoadMethodAttributes (12ms)
				AfterProcessingInitializeOnLoad (21ms)
				EditorAssembliesLoaded (0ms)
			ExecutionOrderSort2 (0ms)
			AwakeInstancesAfterBackupRestoration (3ms)
Platform modules already initialized, skipping
Refreshing native plugins compatible for Editor in 0.45 ms, found 3 plugins.
Preloading 0 native plugins for Editor in 0.00 ms.
Unloading 2210 Unused Serialized files (Serialized files now loaded: 0)
System memory in use before: 121.0 MB.
System memory in use after: 120.9 MB.

Unloading 20 unused Assets to reduce memory usage. Loaded Objects now: 2681.
Total: 2.403000 ms (FindLiveObjects: 0.137600 ms CreateObjectMapping: 0.058100 ms MarkObjects: 2.105500 ms  DeleteObjects: 0.101000 ms)

AssetImportParameters requested are different than current active one (requested -> active):
  custom:framework-win-MediaFoundation: 216162199b28c13a410421893ffa2e32 -> 
  custom:video-decoder-ogg-theora: a1e56fd34408186e4bbccfd4996cb3dc -> 
  custom:container-muxer-webm: aa71ff27fc2769a1b78a27578f13a17b -> 
  custom:container-demuxer-webm: 4f35f7cbe854078d1ac9338744f61a02 -> 
  custom:container-demuxer-ogg: 62fdf1f143b41e24485cea50d1cbac27 -> 
  custom:video-encoder-webm-vp8: eb34c28f22e8b96e1ab97ce403110664 -> 
  custom:video-decoder-webm-vp8: 9c59270c3fd7afecdb556c50c9e8de78 -> 
  custom:audio-decoder-ogg-vorbis: bf7c407c2cedff20999df2af8eb42d56 -> 
  custom:audio-encoder-webm-vorbis: bf7c407c2cedff20999df2af8eb42d56 -> 
========================================================================
Received Prepare
Registering precompiled user dll's ...
Registered in 0.007577 seconds.
Begin MonoManager ReloadAssembly
Native extension for WindowsStandalone target not found
Refreshing native plugins compatible for Editor in 0.45 ms, found 3 plugins.
Preloading 0 native plugins for Editor in 0.00 ms.
Mono: successfully reloaded assembly
- Completed reload, in  0.865 seconds
Domain Reload Profiling:
	ReloadAssembly (866ms)
		BeginReloadAssembly (148ms)
			ExecutionOrderSort (0ms)
			DisableScriptedObjects (4ms)
			BackupInstance (0ms)
			ReleaseScriptingObjects (0ms)
			CreateAndSetChildDomain (25ms)
		EndReloadAssembly (651ms)
			LoadAssemblies (143ms)
			RebuildTransferFunctionScriptingTraits (0ms)
			SetupTypeCache (186ms)
			ReleaseScriptCaches (1ms)
			RebuildScriptCaches (26ms)
			SetupLoadedEditorAssemblies (274ms)
				LogAssemblyErrors (0ms)
				InitializePlatformSupportModulesInManaged (4ms)
				SetLoadedEditorAssemblies (0ms)
				RefreshPlugins (1ms)
				BeforeProcessingInitializeOnLoad (100ms)
				ProcessInitializeOnLoadAttributes (136ms)
				ProcessInitializeOnLoadMethodAttributes (12ms)
				AfterProcessingInitializeOnLoad (20ms)
				EditorAssembliesLoaded (0ms)
			ExecutionOrderSort2 (0ms)
			AwakeInstancesAfterBackupRestoration (3ms)
Platform modules already initialized, skipping
Refreshing native plugins compatible for Editor in 0.44 ms, found 3 plugins.
Preloading 0 native plugins for Editor in 0.00 ms.
Unloading 2210 Unused Serialized files (Serialized files now loaded: 0)
System memory in use before: 121.0 MB.
System memory in use after: 121.0 MB.

Unloading 20 unused Assets to reduce memory usage. Loaded Objects now: 2684.
Total: 2.480900 ms (FindLiveObjects: 0.154400 ms CreateObjectMapping: 0.060300 ms MarkObjects: 2.166100 ms  DeleteObjects: 0.099400 ms)

AssetImportParameters requested are different than current active one (requested -> active):
  custom:framework-win-MediaFoundation: 216162199b28c13a410421893ffa2e32 -> 
  custom:video-decoder-ogg-theora: a1e56fd34408186e4bbccfd4996cb3dc -> 
  custom:container-muxer-webm: aa71ff27fc2769a1b78a27578f13a17b -> 
  custom:container-demuxer-webm: 4f35f7cbe854078d1ac9338744f61a02 -> 
  custom:container-demuxer-ogg: 62fdf1f143b41e24485cea50d1cbac27 -> 
  custom:video-encoder-webm-vp8: eb34c28f22e8b96e1ab97ce403110664 -> 
  custom:video-decoder-webm-vp8: 9c59270c3fd7afecdb556c50c9e8de78 -> 
  custom:audio-decoder-ogg-vorbis: bf7c407c2cedff20999df2af8eb42d56 -> 
  custom:audio-encoder-webm-vorbis: bf7c407c2cedff20999df2af8eb42d56 -> 
========================================================================
Received Import Request.
  Time since last request: 75.557000 seconds.
  path: Assets/3.Script/Game/Dot/G_.cs
  artifactKey: Guid(1b92f2de67e13964b97cc50a7b33dc7d) Importer(815301076,1909f56bfc062723c751e8b465ee728b)
Start importing Assets/3.Script/Game/Dot/G_.cs using Guid(1b92f2de67e13964b97cc50a7b33dc7d) Importer(815301076,1909f56bfc062723c751e8b465ee728b)  -> (artifact id: 'aea5bbbe565099394dfb8edf172858df') in 0.007446 seconds 
========================================================================
Received Prepare
Registering precompiled user dll's ...
Registered in 0.006875 seconds.
Begin MonoManager ReloadAssembly
Native extension for WindowsStandalone target not found
Refreshing native plugins compatible for Editor in 0.51 ms, found 3 plugins.
Preloading 0 native plugins for Editor in 0.00 ms.
Mono: successfully reloaded assembly
- Completed reload, in  0.890 seconds
Domain Reload Profiling:
	ReloadAssembly (891ms)
		BeginReloadAssembly (145ms)
			ExecutionOrderSort (0ms)
			DisableScriptedObjects (4ms)
			BackupInstance (0ms)
			ReleaseScriptingObjects (0ms)
			CreateAndSetChildDomain (25ms)
		EndReloadAssembly (675ms)
			LoadAssemblies (144ms)
			RebuildTransferFunctionScriptingTraits (0ms)
			SetupTypeCache (192ms)
			ReleaseScriptCaches (1ms)
			RebuildScriptCaches (28ms)
			SetupLoadedEditorAssemblies (283ms)
				LogAssemblyErrors (0ms)
				InitializePlatformSupportModulesInManaged (4ms)
				SetLoadedEditorAssemblies (0ms)
				RefreshPlugins (1ms)
				BeforeProcessingInitializeOnLoad (102ms)
				ProcessInitializeOnLoadAttributes (144ms)
				ProcessInitializeOnLoadMethodAttributes (12ms)
				AfterProcessingInitializeOnLoad (20ms)
				EditorAssembliesLoaded (0ms)
			ExecutionOrderSort2 (0ms)
			AwakeInstancesAfterBackupRestoration (3ms)
Platform modules already initialized, skipping
Refreshing native plugins compatible for Editor in 0.51 ms, found 3 plugins.
Preloading 0 native plugins for Editor in 0.00 ms.
Unloading 2211 Unused Serialized files (Serialized files now loaded: 0)
System memory in use before: 121.0 MB.
System memory in use after: 121.0 MB.

Unloading 20 unused Assets to reduce memory usage. Loaded Objects now: 2688.
Total: 2.399100 ms (FindLiveObjects: 0.160000 ms CreateObjectMapping: 0.054400 ms MarkObjects: 2.086100 ms  DeleteObjects: 0.098000 ms)

AssetImportParameters requested are different than current active one (requested -> active):
  custom:framework-win-MediaFoundation: 216162199b28c13a410421893ffa2e32 -> 
  custom:video-decoder-ogg-theora: a1e56fd34408186e4bbccfd4996cb3dc -> 
  custom:container-muxer-webm: aa71ff27fc2769a1b78a27578f13a17b -> 
  custom:container-demuxer-webm: 4f35f7cbe854078d1ac9338744f61a02 -> 
  custom:container-demuxer-ogg: 62fdf1f143b41e24485cea50d1cbac27 -> 
  custom:video-encoder-webm-vp8: eb34c28f22e8b96e1ab97ce403110664 -> 
  custom:video-decoder-webm-vp8: 9c59270c3fd7afecdb556c50c9e8de78 -> 
  custom:audio-decoder-ogg-vorbis: bf7c407c2cedff20999df2af8eb42d56 -> 
  custom:audio-encoder-webm-vorbis: bf7c407c2cedff20999df2af8eb42d56 -> 
========================================================================
Received Prepare
Registering precompiled user dll's ...
Registered in 0.007238 seconds.
Begin MonoManager ReloadAssembly
Native extension for WindowsStandalone target not found
Refreshing native plugins compatible for Editor in 0.46 ms, found 3 plugins.
Preloading 0 native plugins for Editor in 0.00 ms.
Mono: successfully reloaded assembly
- Completed reload, in  0.873 seconds
Domain Reload Profiling:
	ReloadAssembly (874ms)
		BeginReloadAssembly (148ms)
			ExecutionOrderSort (0ms)
			DisableScriptedObjects (4ms)
			BackupInstance (0ms)
			ReleaseScriptingObjects (0ms)
			CreateAndSetChildDomain (24ms)
		EndReloadAssembly (657ms)
			LoadAssemblies (146ms)
			RebuildTransferFunctionScriptingTraits (0ms)
			SetupTypeCache (181ms)
			ReleaseScriptCaches (1ms)
			RebuildScriptCaches (27ms)
			SetupLoadedEditorAssemblies (283ms)
				LogAssemblyErrors (0ms)
				InitializePlatformSupportModulesInManaged (4ms)
				SetLoadedEditorAssemblies (0ms)
				RefreshPlugins (1ms)
				BeforeProcessingInitializeOnLoad (104ms)
				ProcessInitializeOnLoadAttributes (141ms)
				ProcessInitializeOnLoadMethodAttributes (12ms)
				AfterProcessingInitializeOnLoad (21ms)
				EditorAssembliesLoaded (0ms)
			ExecutionOrderSort2 (0ms)
			AwakeInstancesAfterBackupRestoration (3ms)
Platform modules already initialized, skipping
Refreshing native plugins compatible for Editor in 0.46 ms, found 3 plugins.
Preloading 0 native plugins for Editor in 0.00 ms.
Unloading 2210 Unused Serialized files (Serialized files now loaded: 0)
System memory in use before: 121.0 MB.
System memory in use after: 121.0 MB.

Unloading 21 unused Assets to reduce memory usage. Loaded Objects now: 2690.
Total: 2.780000 ms (FindLiveObjects: 0.150300 ms CreateObjectMapping: 0.057800 ms MarkObjects: 2.470800 ms  DeleteObjects: 0.100600 ms)

AssetImportParameters requested are different than current active one (requested -> active):
  custom:framework-win-MediaFoundation: 216162199b28c13a410421893ffa2e32 -> 
  custom:video-decoder-ogg-theora: a1e56fd34408186e4bbccfd4996cb3dc -> 
  custom:container-muxer-webm: aa71ff27fc2769a1b78a27578f13a17b -> 
  custom:container-demuxer-webm: 4f35f7cbe854078d1ac9338744f61a02 -> 
  custom:container-demuxer-ogg: 62fdf1f143b41e24485cea50d1cbac27 -> 
  custom:video-encoder-webm-vp8: eb34c28f22e8b96e1ab97ce403110664 -> 
  custom:video-decoder-webm-vp8: 9c59270c3fd7afecdb556c50c9e8de78 -> 
  custom:audio-decoder-ogg-vorbis: bf7c407c2cedff20999df2af8eb42d56 -> 
  custom:audio-encoder-webm-vorbis: bf7c407c2cedff20999df2af8eb42d56 -> 
========================================================================
Received Import Request.
  Time since last request: 17.156791 seconds.
  path: Assets/3.Script/Game/Dot/G_MovementDot.cs
  artifactKey: Guid(832e7baa6b858d546b5b99c3df5e6806) Importer(815301076,1909f56bfc062723c751e8b465ee728b)
Start importing Assets/3.Script/Game/Dot/G_MovementDot.cs using Guid(832e7baa6b858d546b5b99c3df5e6806) Importer(815301076,1909f56bfc062723c751e8b465ee728b)  -> (artifact id: '0780a5eeee59773eafd176ad0031b8b1') in 0.006763 seconds 
========================================================================
Received Prepare
Registering precompiled user dll's ...
Registered in 0.007170 seconds.
Begin MonoManager ReloadAssembly
Native extension for WindowsStandalone target not found
Refreshing native plugins compatible for Editor in 0.46 ms, found 3 plugins.
Preloading 0 native plugins for Editor in 0.00 ms.
Mono: successfully reloaded assembly
- Completed reload, in  0.917 seconds
Domain Reload Profiling:
	ReloadAssembly (918ms)
		BeginReloadAssembly (157ms)
			ExecutionOrderSort (0ms)
			DisableScriptedObjects (5ms)
			BackupInstance (0ms)
			ReleaseScriptingObjects (0ms)
			CreateAndSetChildDomain (26ms)
		EndReloadAssembly (693ms)
			LoadAssemblies (149ms)
			RebuildTransferFunctionScriptingTraits (0ms)
			SetupTypeCache (204ms)
			ReleaseScriptCaches (1ms)
			RebuildScriptCaches (27ms)
			SetupLoadedEditorAssemblies (285ms)
				LogAssemblyErrors (0ms)
				InitializePlatformSupportModulesInManaged (5ms)
				SetLoadedEditorAssemblies (0ms)
				RefreshPlugins (1ms)
				BeforeProcessingInitializeOnLoad (101ms)
				ProcessInitializeOnLoadAttributes (144ms)
				ProcessInitializeOnLoadMethodAttributes (12ms)
				AfterProcessingInitializeOnLoad (21ms)
				EditorAssembliesLoaded (0ms)
			ExecutionOrderSort2 (0ms)
			AwakeInstancesAfterBackupRestoration (3ms)
Platform modules already initialized, skipping
Refreshing native plugins compatible for Editor in 0.50 ms, found 3 plugins.
Preloading 0 native plugins for Editor in 0.00 ms.
Unloading 2211 Unused Serialized files (Serialized files now loaded: 0)
System memory in use before: 121.1 MB.
System memory in use after: 121.0 MB.

Unloading 20 unused Assets to reduce memory usage. Loaded Objects now: 2694.
Total: 2.562000 ms (FindLiveObjects: 0.163700 ms CreateObjectMapping: 0.060100 ms MarkObjects: 2.225300 ms  DeleteObjects: 0.112200 ms)

AssetImportParameters requested are different than current active one (requested -> active):
  custom:framework-win-MediaFoundation: 216162199b28c13a410421893ffa2e32 -> 
  custom:video-decoder-ogg-theora: a1e56fd34408186e4bbccfd4996cb3dc -> 
  custom:container-muxer-webm: aa71ff27fc2769a1b78a27578f13a17b -> 
  custom:container-demuxer-webm: 4f35f7cbe854078d1ac9338744f61a02 -> 
  custom:container-demuxer-ogg: 62fdf1f143b41e24485cea50d1cbac27 -> 
  custom:video-encoder-webm-vp8: eb34c28f22e8b96e1ab97ce403110664 -> 
  custom:video-decoder-webm-vp8: 9c59270c3fd7afecdb556c50c9e8de78 -> 
  custom:audio-decoder-ogg-vorbis: bf7c407c2cedff20999df2af8eb42d56 -> 
  custom:audio-encoder-webm-vorbis: bf7c407c2cedff20999df2af8eb42d56 -> 
========================================================================
Received Import Request.
  Time since last request: 13.528731 seconds.
  path: Assets/3.Script/Game/Dot/G_MovementDot.cs
  artifactKey: Guid(832e7baa6b858d546b5b99c3df5e6806) Importer(815301076,1909f56bfc062723c751e8b465ee728b)
Start importing Assets/3.Script/Game/Dot/G_MovementDot.cs using Guid(832e7baa6b858d546b5b99c3df5e6806) Importer(815301076,1909f56bfc062723c751e8b465ee728b)  -> (artifact id: '5336b83f466db932b84213c0b828265d') in 0.007705 seconds 
========================================================================
Received Prepare
Registering precompiled user dll's ...
Registered in 0.007915 seconds.
Begin MonoManager ReloadAssembly
Native extension for WindowsStandalone target not found
Refreshing native plugins compatible for Editor in 0.46 ms, found 3 plugins.
Preloading 0 native plugins for Editor in 0.00 ms.
Mono: successfully reloaded assembly
- Completed reload, in  0.868 seconds
Domain Reload Profiling:
	ReloadAssembly (869ms)
		BeginReloadAssembly (149ms)
			ExecutionOrderSort (0ms)
			DisableScriptedObjects (4ms)
			BackupInstance (0ms)
			ReleaseScriptingObjects (0ms)
			CreateAndSetChildDomain (25ms)
		EndReloadAssembly (651ms)
			LoadAssemblies (147ms)
			RebuildTransferFunctionScriptingTraits (0ms)
			SetupTypeCache (183ms)
			ReleaseScriptCaches (1ms)
			RebuildScriptCaches (26ms)
			SetupLoadedEditorAssemblies (273ms)
				LogAssemblyErrors (0ms)
				InitializePlatformSupportModulesInManaged (4ms)
				SetLoadedEditorAssemblies (0ms)
				RefreshPlugins (1ms)
				BeforeProcessingInitializeOnLoad (101ms)
				ProcessInitializeOnLoadAttributes (134ms)
				ProcessInitializeOnLoadMethodAttributes (12ms)
				AfterProcessingInitializeOnLoad (21ms)
				EditorAssembliesLoaded (0ms)
			ExecutionOrderSort2 (0ms)
			AwakeInstancesAfterBackupRestoration (3ms)
Platform modules already initialized, skipping
Refreshing native plugins compatible for Editor in 0.46 ms, found 3 plugins.
Preloading 0 native plugins for Editor in 0.00 ms.
Unloading 2211 Unused Serialized files (Serialized files now loaded: 0)
System memory in use before: 121.1 MB.
System memory in use after: 121.0 MB.

Unloading 20 unused Assets to reduce memory usage. Loaded Objects now: 2697.
Total: 2.363200 ms (FindLiveObjects: 0.149800 ms CreateObjectMapping: 0.051400 ms MarkObjects: 2.063400 ms  DeleteObjects: 0.097900 ms)

AssetImportParameters requested are different than current active one (requested -> active):
  custom:framework-win-MediaFoundation: 216162199b28c13a410421893ffa2e32 -> 
  custom:video-decoder-ogg-theora: a1e56fd34408186e4bbccfd4996cb3dc -> 
  custom:container-muxer-webm: aa71ff27fc2769a1b78a27578f13a17b -> 
  custom:container-demuxer-webm: 4f35f7cbe854078d1ac9338744f61a02 -> 
  custom:container-demuxer-ogg: 62fdf1f143b41e24485cea50d1cbac27 -> 
  custom:video-encoder-webm-vp8: eb34c28f22e8b96e1ab97ce403110664 -> 
  custom:video-decoder-webm-vp8: 9c59270c3fd7afecdb556c50c9e8de78 -> 
  custom:audio-decoder-ogg-vorbis: bf7c407c2cedff20999df2af8eb42d56 -> 
  custom:audio-encoder-webm-vorbis: bf7c407c2cedff20999df2af8eb42d56 -> 
========================================================================
Received Prepare
Registering precompiled user dll's ...
Registered in 0.007385 seconds.
Begin MonoManager ReloadAssembly
Native extension for WindowsStandalone target not found
Refreshing native plugins compatible for Editor in 0.45 ms, found 3 plugins.
Preloading 0 native plugins for Editor in 0.00 ms.
Mono: successfully reloaded assembly
- Completed reload, in  0.882 seconds
Domain Reload Profiling:
	ReloadAssembly (883ms)
		BeginReloadAssembly (153ms)
			ExecutionOrderSort (0ms)
			DisableScriptedObjects (4ms)
			BackupInstance (0ms)
			ReleaseScriptingObjects (0ms)
			CreateAndSetChildDomain (24ms)
		EndReloadAssembly (659ms)
			LoadAssemblies (153ms)
			RebuildTransferFunctionScriptingTraits (0ms)
			SetupTypeCache (185ms)
			ReleaseScriptCaches (1ms)
			RebuildScriptCaches (27ms)
			SetupLoadedEditorAssemblies (277ms)
				LogAssemblyErrors (0ms)
				InitializePlatformSupportModulesInManaged (4ms)
				SetLoadedEditorAssemblies (0ms)
				RefreshPlugins (1ms)
				BeforeProcessingInitializeOnLoad (102ms)
				ProcessInitializeOnLoadAttributes (137ms)
				ProcessInitializeOnLoadMethodAttributes (12ms)
				AfterProcessingInitializeOnLoad (22ms)
				EditorAssembliesLoaded (0ms)
			ExecutionOrderSort2 (0ms)
			AwakeInstancesAfterBackupRestoration (3ms)
Platform modules already initialized, skipping
Refreshing native plugins compatible for Editor in 0.45 ms, found 3 plugins.
Preloading 0 native plugins for Editor in 0.00 ms.
Unloading 2211 Unused Serialized files (Serialized files now loaded: 0)
System memory in use before: 121.1 MB.
System memory in use after: 121.0 MB.

Unloading 20 unused Assets to reduce memory usage. Loaded Objects now: 2700.
Total: 2.560700 ms (FindLiveObjects: 0.156500 ms CreateObjectMapping: 0.052100 ms MarkObjects: 2.251500 ms  DeleteObjects: 0.100100 ms)

AssetImportParameters requested are different than current active one (requested -> active):
  custom:framework-win-MediaFoundation: 216162199b28c13a410421893ffa2e32 -> 
  custom:video-decoder-ogg-theora: a1e56fd34408186e4bbccfd4996cb3dc -> 
  custom:container-muxer-webm: aa71ff27fc2769a1b78a27578f13a17b -> 
  custom:container-demuxer-webm: 4f35f7cbe854078d1ac9338744f61a02 -> 
  custom:container-demuxer-ogg: 62fdf1f143b41e24485cea50d1cbac27 -> 
  custom:video-encoder-webm-vp8: eb34c28f22e8b96e1ab97ce403110664 -> 
  custom:video-decoder-webm-vp8: 9c59270c3fd7afecdb556c50c9e8de78 -> 
  custom:audio-decoder-ogg-vorbis: bf7c407c2cedff20999df2af8eb42d56 -> 
  custom:audio-encoder-webm-vorbis: bf7c407c2cedff20999df2af8eb42d56 -> 
========================================================================
Received Import Request.
  Time since last request: 62.817489 seconds.
  path: Assets/3.Script/Intro/Dot/movementDot.cs
  artifactKey: Guid(90a1dd903e0c43a489bfb45187681678) Importer(815301076,1909f56bfc062723c751e8b465ee728b)
Start importing Assets/3.Script/Intro/Dot/movementDot.cs using Guid(90a1dd903e0c43a489bfb45187681678) Importer(815301076,1909f56bfc062723c751e8b465ee728b)  -> (artifact id: '0027ba5f9f3dbe3f50ec2ee787b54565') in 0.007268 seconds 
========================================================================
Received Prepare
Registering precompiled user dll's ...
Registered in 0.008070 seconds.
Begin MonoManager ReloadAssembly
Native extension for WindowsStandalone target not found
Refreshing native plugins compatible for Editor in 0.47 ms, found 3 plugins.
Preloading 0 native plugins for Editor in 0.00 ms.
Mono: successfully reloaded assembly
- Completed reload, in  0.906 seconds
Domain Reload Profiling:
	ReloadAssembly (907ms)
		BeginReloadAssembly (164ms)
			ExecutionOrderSort (0ms)
			DisableScriptedObjects (4ms)
			BackupInstance (0ms)
			ReleaseScriptingObjects (0ms)
			CreateAndSetChildDomain (25ms)
		EndReloadAssembly (663ms)
			LoadAssemblies (159ms)
			RebuildTransferFunctionScriptingTraits (0ms)
			SetupTypeCache (194ms)
			ReleaseScriptCaches (1ms)
			RebuildScriptCaches (27ms)
			SetupLoadedEditorAssemblies (274ms)
				LogAssemblyErrors (0ms)
				InitializePlatformSupportModulesInManaged (4ms)
				SetLoadedEditorAssemblies (0ms)
				RefreshPlugins (1ms)
				BeforeProcessingInitializeOnLoad (100ms)
				ProcessInitializeOnLoadAttributes (135ms)
				ProcessInitializeOnLoadMethodAttributes (12ms)
				AfterProcessingInitializeOnLoad (22ms)
				EditorAssembliesLoaded (0ms)
			ExecutionOrderSort2 (0ms)
			AwakeInstancesAfterBackupRestoration (3ms)
Platform modules already initialized, skipping
Refreshing native plugins compatible for Editor in 0.45 ms, found 3 plugins.
Preloading 0 native plugins for Editor in 0.00 ms.
Unloading 2212 Unused Serialized files (Serialized files now loaded: 0)
System memory in use before: 121.1 MB.
System memory in use after: 121.1 MB.

Unloading 20 unused Assets to reduce memory usage. Loaded Objects now: 2704.
Total: 2.576400 ms (FindLiveObjects: 0.161900 ms CreateObjectMapping: 0.053000 ms MarkObjects: 2.238600 ms  DeleteObjects: 0.122100 ms)

AssetImportParameters requested are different than current active one (requested -> active):
  custom:framework-win-MediaFoundation: 216162199b28c13a410421893ffa2e32 -> 
  custom:video-decoder-ogg-theora: a1e56fd34408186e4bbccfd4996cb3dc -> 
  custom:container-muxer-webm: aa71ff27fc2769a1b78a27578f13a17b -> 
  custom:container-demuxer-webm: 4f35f7cbe854078d1ac9338744f61a02 -> 
  custom:container-demuxer-ogg: 62fdf1f143b41e24485cea50d1cbac27 -> 
  custom:video-encoder-webm-vp8: eb34c28f22e8b96e1ab97ce403110664 -> 
  custom:video-decoder-webm-vp8: 9c59270c3fd7afecdb556c50c9e8de78 -> 
  custom:audio-decoder-ogg-vorbis: bf7c407c2cedff20999df2af8eb42d56 -> 
  custom:audio-encoder-webm-vorbis: bf7c407c2cedff20999df2af8eb42d56 -> 
========================================================================
Received Import Request.
  Time since last request: 8.247564 seconds.
  path: Assets/3.Script/Intro/Dot/movementDot.cs
  artifactKey: Guid(90a1dd903e0c43a489bfb45187681678) Importer(815301076,1909f56bfc062723c751e8b465ee728b)
Start importing Assets/3.Script/Intro/Dot/movementDot.cs using Guid(90a1dd903e0c43a489bfb45187681678) Importer(815301076,1909f56bfc062723c751e8b465ee728b)  -> (artifact id: '7cf5dacef90c1c89a8eb0ac560b599d3') in 0.007847 seconds 
========================================================================
Received Prepare
Registering precompiled user dll's ...
Registered in 0.007841 seconds.
Begin MonoManager ReloadAssembly
Native extension for WindowsStandalone target not found
Refreshing native plugins compatible for Editor in 0.46 ms, found 3 plugins.
Preloading 0 native plugins for Editor in 0.00 ms.
Mono: successfully reloaded assembly
- Completed reload, in  0.878 seconds
Domain Reload Profiling:
	ReloadAssembly (878ms)
		BeginReloadAssembly (154ms)
			ExecutionOrderSort (0ms)
			DisableScriptedObjects (4ms)
			BackupInstance (0ms)
			ReleaseScriptingObjects (0ms)
			CreateAndSetChildDomain (25ms)
		EndReloadAssembly (654ms)
			LoadAssemblies (148ms)
			RebuildTransferFunctionScriptingTraits (0ms)
			SetupTypeCache (182ms)
			ReleaseScriptCaches (1ms)
			RebuildScriptCaches (25ms)
			SetupLoadedEditorAssemblies (280ms)
				LogAssemblyErrors (0ms)
				InitializePlatformSupportModulesInManaged (4ms)
				SetLoadedEditorAssemblies (0ms)
				RefreshPlugins (1ms)
				BeforeProcessingInitializeOnLoad (102ms)
				ProcessInitializeOnLoadAttributes (140ms)
				ProcessInitializeOnLoadMethodAttributes (12ms)
				AfterProcessingInitializeOnLoad (22ms)
				EditorAssembliesLoaded (0ms)
			ExecutionOrderSort2 (0ms)
			AwakeInstancesAfterBackupRestoration (3ms)
Platform modules already initialized, skipping
Refreshing native plugins compatible for Editor in 0.44 ms, found 3 plugins.
Preloading 0 native plugins for Editor in 0.00 ms.
Unloading 2212 Unused Serialized files (Serialized files now loaded: 0)
System memory in use before: 121.1 MB.
System memory in use after: 121.1 MB.

Unloading 20 unused Assets to reduce memory usage. Loaded Objects now: 2707.
Total: 2.636200 ms (FindLiveObjects: 0.181000 ms CreateObjectMapping: 0.075400 ms MarkObjects: 2.268000 ms  DeleteObjects: 0.111200 ms)

AssetImportParameters requested are different than current active one (requested -> active):
  custom:framework-win-MediaFoundation: 216162199b28c13a410421893ffa2e32 -> 
  custom:video-decoder-ogg-theora: a1e56fd34408186e4bbccfd4996cb3dc -> 
  custom:container-muxer-webm: aa71ff27fc2769a1b78a27578f13a17b -> 
  custom:container-demuxer-webm: 4f35f7cbe854078d1ac9338744f61a02 -> 
  custom:container-demuxer-ogg: 62fdf1f143b41e24485cea50d1cbac27 -> 
  custom:video-encoder-webm-vp8: eb34c28f22e8b96e1ab97ce403110664 -> 
  custom:video-decoder-webm-vp8: 9c59270c3fd7afecdb556c50c9e8de78 -> 
  custom:audio-decoder-ogg-vorbis: bf7c407c2cedff20999df2af8eb42d56 -> 
  custom:audio-encoder-webm-vorbis: bf7c407c2cedff20999df2af8eb42d56 -> 
========================================================================
Received Import Request.
  Time since last request: 4.745238 seconds.
  path: Assets/3.Script/Intro/Dot/circleController.cs
  artifactKey: Guid(4308c88af2b2de743b8f0d6add9a5e00) Importer(815301076,1909f56bfc062723c751e8b465ee728b)
Start importing Assets/3.Script/Intro/Dot/circleController.cs using Guid(4308c88af2b2de743b8f0d6add9a5e00) Importer(815301076,1909f56bfc062723c751e8b465ee728b)  -> (artifact id: '3ef4e460ca85585e38110dee6da936f7') in 0.007464 seconds 
========================================================================
Received Import Request.
  Time since last request: 0.399800 seconds.
  path: Assets/3.Script/Intro/Dot/DotController.cs
  artifactKey: Guid(a5758500243eacd4fac0a7d2983c02f6) Importer(815301076,1909f56bfc062723c751e8b465ee728b)
Start importing Assets/3.Script/Intro/Dot/DotController.cs using Guid(a5758500243eacd4fac0a7d2983c02f6) Importer(815301076,1909f56bfc062723c751e8b465ee728b)  -> (artifact id: '2114678bc1091e01dc30e2d6b2bb0bb4') in 0.004013 seconds 
========================================================================
Received Import Request.
  Time since last request: 295.583321 seconds.
  path: Assets/8.Audio/1-X.wav
  artifactKey: Guid(eed9390d09715ec4bb2bf40ca466f377) Importer(815301076,1909f56bfc062723c751e8b465ee728b)
Start importing Assets/8.Audio/1-X.wav using Guid(eed9390d09715ec4bb2bf40ca466f377) Importer(815301076,1909f56bfc062723c751e8b465ee728b)  -> (artifact id: '7788308f202a55128188756e20bef9ea') in 0.117754 seconds 
========================================================================
Received Prepare
Registering precompiled user dll's ...
Registered in 0.007526 seconds.
Begin MonoManager ReloadAssembly
Native extension for WindowsStandalone target not found
Refreshing native plugins compatible for Editor in 0.46 ms, found 3 plugins.
Preloading 0 native plugins for Editor in 0.00 ms.
Mono: successfully reloaded assembly
- Completed reload, in  0.916 seconds
Domain Reload Profiling:
	ReloadAssembly (917ms)
		BeginReloadAssembly (150ms)
			ExecutionOrderSort (0ms)
			DisableScriptedObjects (4ms)
			BackupInstance (0ms)
			ReleaseScriptingObjects (0ms)
			CreateAndSetChildDomain (26ms)
		EndReloadAssembly (697ms)
			LoadAssemblies (147ms)
			RebuildTransferFunctionScriptingTraits (0ms)
			SetupTypeCache (209ms)
			ReleaseScriptCaches (1ms)
			RebuildScriptCaches (26ms)
			SetupLoadedEditorAssemblies (285ms)
				LogAssemblyErrors (0ms)
				InitializePlatformSupportModulesInManaged (4ms)
				SetLoadedEditorAssemblies (0ms)
				RefreshPlugins (1ms)
				BeforeProcessingInitializeOnLoad (106ms)
				ProcessInitializeOnLoadAttributes (139ms)
				ProcessInitializeOnLoadMethodAttributes (13ms)
				AfterProcessingInitializeOnLoad (23ms)
				EditorAssembliesLoaded (0ms)
			ExecutionOrderSort2 (0ms)
			AwakeInstancesAfterBackupRestoration (3ms)
Platform modules already initialized, skipping
Refreshing native plugins compatible for Editor in 0.44 ms, found 3 plugins.
Preloading 0 native plugins for Editor in 0.00 ms.
Unloading 2212 Unused Serialized files (Serialized files now loaded: 0)
System memory in use before: 121.3 MB.
System memory in use after: 121.2 MB.

Unloading 20 unused Assets to reduce memory usage. Loaded Objects now: 2713.
Total: 2.609300 ms (FindLiveObjects: 0.177500 ms CreateObjectMapping: 0.061500 ms MarkObjects: 2.262100 ms  DeleteObjects: 0.107300 ms)

AssetImportParameters requested are different than current active one (requested -> active):
  custom:framework-win-MediaFoundation: 216162199b28c13a410421893ffa2e32 -> 
  custom:video-decoder-ogg-theora: a1e56fd34408186e4bbccfd4996cb3dc -> 
  custom:container-muxer-webm: aa71ff27fc2769a1b78a27578f13a17b -> 
  custom:container-demuxer-webm: 4f35f7cbe854078d1ac9338744f61a02 -> 
  custom:container-demuxer-ogg: 62fdf1f143b41e24485cea50d1cbac27 -> 
  custom:video-encoder-webm-vp8: eb34c28f22e8b96e1ab97ce403110664 -> 
  custom:video-decoder-webm-vp8: 9c59270c3fd7afecdb556c50c9e8de78 -> 
  custom:audio-decoder-ogg-vorbis: bf7c407c2cedff20999df2af8eb42d56 -> 
  custom:audio-encoder-webm-vorbis: bf7c407c2cedff20999df2af8eb42d56 -> 
========================================================================
Received Import Request.
  Time since last request: 40.917855 seconds.
  path: Assets/1.Scene/1-x.unity
  artifactKey: Guid(bbfe58e9072a26b40860099aabf47b90) Importer(815301076,1909f56bfc062723c751e8b465ee728b)
Start importing Assets/1.Scene/1-x.unity using Guid(bbfe58e9072a26b40860099aabf47b90) Importer(815301076,1909f56bfc062723c751e8b465ee728b)  -> (artifact id: '98c2fd64cab53a4738c62a726246a4d0') in 0.006843 seconds 
========================================================================
Received Import Request.
  Time since last request: 10.496104 seconds.
  path: Assets/8.Audio/1-1.wav
  artifactKey: Guid(b75d7d2d52b71a04f90eb6f8ae1a1eec) Importer(815301076,1909f56bfc062723c751e8b465ee728b)
Start importing Assets/8.Audio/1-1.wav using Guid(b75d7d2d52b71a04f90eb6f8ae1a1eec) Importer(815301076,1909f56bfc062723c751e8b465ee728b)  -> (artifact id: '1959d1ee8bc66a131af1234f2b18d201') in 0.030157 seconds 
========================================================================
Received Import Request.
  Time since last request: 0.903123 seconds.
  path: Assets/8.Audio/1-2.wav
  artifactKey: Guid(ee2e5be4978ee2e4bb4dcbbe17dbbcd1) Importer(815301076,1909f56bfc062723c751e8b465ee728b)
Start importing Assets/8.Audio/1-2.wav using Guid(ee2e5be4978ee2e4bb4dcbbe17dbbcd1) Importer(815301076,1909f56bfc062723c751e8b465ee728b)  -> (artifact id: '57787ad2c531023465b3a679959586e6') in 0.009856 seconds 
========================================================================
Received Import Request.
  Time since last request: 0.772950 seconds.
  path: Assets/8.Audio/1-4.wav
  artifactKey: Guid(e2cf9ae110a3701448338f99514d79df) Importer(815301076,1909f56bfc062723c751e8b465ee728b)
Start importing Assets/8.Audio/1-4.wav using Guid(e2cf9ae110a3701448338f99514d79df) Importer(815301076,1909f56bfc062723c751e8b465ee728b)  -> (artifact id: '7c8da9dfed2d41684316393aa021fbaa') in 0.010528 seconds 
========================================================================
Received Import Request.
  Time since last request: 0.410959 seconds.
  path: Assets/8.Audio/1-5.wav
  artifactKey: Guid(94dd2970695e840499dea6be752be903) Importer(815301076,1909f56bfc062723c751e8b465ee728b)
Start importing Assets/8.Audio/1-5.wav using Guid(94dd2970695e840499dea6be752be903) Importer(815301076,1909f56bfc062723c751e8b465ee728b)  -> (artifact id: 'a01bfa0a858c85b2773eade7a02b5868') in 0.011406 seconds 
========================================================================
Received Import Request.
  Time since last request: 0.325471 seconds.
  path: Assets/8.Audio/1-6.wav
  artifactKey: Guid(0cb788d30b8af724aae2717591aef919) Importer(815301076,1909f56bfc062723c751e8b465ee728b)
Start importing Assets/8.Audio/1-6.wav using Guid(0cb788d30b8af724aae2717591aef919) Importer(815301076,1909f56bfc062723c751e8b465ee728b)  -> (artifact id: 'a9fd27691a37da99d4005f2faeea300d') in 0.009785 seconds 
========================================================================
Received Import Request.
  Time since last request: 0.645145 seconds.
  path: Assets/8.Audio/1-X-wav.wav
  artifactKey: Guid(4e3016c536fe1c1419b42fdb26e685ea) Importer(815301076,1909f56bfc062723c751e8b465ee728b)
Start importing Assets/8.Audio/1-X-wav.wav using Guid(4e3016c536fe1c1419b42fdb26e685ea) Importer(815301076,1909f56bfc062723c751e8b465ee728b)  -> (artifact id: 'b2fb05713776fd4ff455acb07bea8b6d') in 0.013658 seconds 
========================================================================
Received Import Request.
  Time since last request: 4.448982 seconds.
  path: Assets/8.Audio/1-X_rabbit.wav
  artifactKey: Guid(c4e7ed122879d4c4bbd00f01bc48a57a) Importer(815301076,1909f56bfc062723c751e8b465ee728b)
Start importing Assets/8.Audio/1-X_rabbit.wav using Guid(c4e7ed122879d4c4bbd00f01bc48a57a) Importer(815301076,1909f56bfc062723c751e8b465ee728b)  -> (artifact id: 'e05e029ea18dc2971ef0ce34ddce51a2') in 0.010271 seconds 
========================================================================
Received Import Request.
  Time since last request: 0.446868 seconds.
  path: Assets/8.Audio/1-X_spooky.wav
  artifactKey: Guid(3aaf46705e2fcb241ba30d9b76bb5237) Importer(815301076,1909f56bfc062723c751e8b465ee728b)
Start importing Assets/8.Audio/1-X_spooky.wav using Guid(3aaf46705e2fcb241ba30d9b76bb5237) Importer(815301076,1909f56bfc062723c751e8b465ee728b)  -> (artifact id: 'c10ca81c25475fca4a5b1992d2019d77') in 0.010108 seconds 
========================================================================
Received Import Request.
  Time since last request: 2.221683 seconds.
  path: Assets/8.Audio/1a.wav
  artifactKey: Guid(6039ab31d18654c489ecc1e0232771b3) Importer(815301076,1909f56bfc062723c751e8b465ee728b)
Start importing Assets/8.Audio/1a.wav using Guid(6039ab31d18654c489ecc1e0232771b3) Importer(815301076,1909f56bfc062723c751e8b465ee728b)  -> (artifact id: 'df1fbebf38ce58a4339a27fd5273049c') in 0.010219 seconds 
========================================================================
Received Import Request.
  Time since last request: 0.585393 seconds.
  path: Assets/8.Audio/1b.wav
  artifactKey: Guid(a1139cae7c7a94945bb051cfc1d2c4c8) Importer(815301076,1909f56bfc062723c751e8b465ee728b)
Start importing Assets/8.Audio/1b.wav using Guid(a1139cae7c7a94945bb051cfc1d2c4c8) Importer(815301076,1909f56bfc062723c751e8b465ee728b)  -> (artifact id: '4156640a04614ed9afc52a922dc1a00b') in 0.010673 seconds 
========================================================================
Received Prepare
Registering precompiled user dll's ...
Registered in 0.006850 seconds.
Begin MonoManager ReloadAssembly
Native extension for WindowsStandalone target not found
Refreshing native plugins compatible for Editor in 0.45 ms, found 3 plugins.
Preloading 0 native plugins for Editor in 0.00 ms.
Mono: successfully reloaded assembly
- Completed reload, in  0.867 seconds
Domain Reload Profiling:
	ReloadAssembly (868ms)
		BeginReloadAssembly (150ms)
			ExecutionOrderSort (0ms)
			DisableScriptedObjects (4ms)
			BackupInstance (0ms)
			ReleaseScriptingObjects (0ms)
			CreateAndSetChildDomain (26ms)
		EndReloadAssembly (646ms)
			LoadAssemblies (145ms)
			RebuildTransferFunctionScriptingTraits (0ms)
			SetupTypeCache (186ms)
			ReleaseScriptCaches (1ms)
			RebuildScriptCaches (26ms)
			SetupLoadedEditorAssemblies (271ms)
				LogAssemblyErrors (0ms)
				InitializePlatformSupportModulesInManaged (3ms)
				SetLoadedEditorAssemblies (0ms)
				RefreshPlugins (1ms)
				BeforeProcessingInitializeOnLoad (100ms)
				ProcessInitializeOnLoadAttributes (134ms)
				ProcessInitializeOnLoadMethodAttributes (12ms)
				AfterProcessingInitializeOnLoad (21ms)
				EditorAssembliesLoaded (0ms)
			ExecutionOrderSort2 (0ms)
			AwakeInstancesAfterBackupRestoration (3ms)
Platform modules already initialized, skipping
Refreshing native plugins compatible for Editor in 0.44 ms, found 3 plugins.
Preloading 0 native plugins for Editor in 0.00 ms.
Unloading 2212 Unused Serialized files (Serialized files now loaded: 0)
System memory in use before: 121.3 MB.
System memory in use after: 121.4 MB.

Unloading 20 unused Assets to reduce memory usage. Loaded Objects now: 2717.
Total: 2.592600 ms (FindLiveObjects: 0.166000 ms CreateObjectMapping: 0.066200 ms MarkObjects: 2.257100 ms  DeleteObjects: 0.102700 ms)

AssetImportParameters requested are different than current active one (requested -> active):
  custom:framework-win-MediaFoundation: 216162199b28c13a410421893ffa2e32 -> 
  custom:video-decoder-ogg-theora: a1e56fd34408186e4bbccfd4996cb3dc -> 
  custom:container-muxer-webm: aa71ff27fc2769a1b78a27578f13a17b -> 
  custom:container-demuxer-webm: 4f35f7cbe854078d1ac9338744f61a02 -> 
  custom:container-demuxer-ogg: 62fdf1f143b41e24485cea50d1cbac27 -> 
  custom:video-encoder-webm-vp8: eb34c28f22e8b96e1ab97ce403110664 -> 
  custom:video-decoder-webm-vp8: 9c59270c3fd7afecdb556c50c9e8de78 -> 
  custom:audio-decoder-ogg-vorbis: bf7c407c2cedff20999df2af8eb42d56 -> 
  custom:audio-encoder-webm-vorbis: bf7c407c2cedff20999df2af8eb42d56 -> 
========================================================================
Received Import Request.
  Time since last request: 204.252650 seconds.
  path: Assets/3.Script/Game/Camera/G_CameraMovement.cs
  artifactKey: Guid(dfb99ff6f64ce7f4fb666e6fd582b382) Importer(815301076,1909f56bfc062723c751e8b465ee728b)
Start importing Assets/3.Script/Game/Camera/G_CameraMovement.cs using Guid(dfb99ff6f64ce7f4fb666e6fd582b382) Importer(815301076,1909f56bfc062723c751e8b465ee728b)  -> (artifact id: 'bf1b3c47a97eb2f2a7181185df0d5771') in 0.007766 seconds 
========================================================================
Received Prepare
Registering precompiled user dll's ...
Registered in 0.006817 seconds.
Begin MonoManager ReloadAssembly
Native extension for WindowsStandalone target not found
Refreshing native plugins compatible for Editor in 0.45 ms, found 3 plugins.
Preloading 0 native plugins for Editor in 0.00 ms.
Mono: successfully reloaded assembly
- Completed reload, in  0.867 seconds
Domain Reload Profiling:
	ReloadAssembly (868ms)
		BeginReloadAssembly (147ms)
			ExecutionOrderSort (0ms)
			DisableScriptedObjects (5ms)
			BackupInstance (0ms)
			ReleaseScriptingObjects (0ms)
			CreateAndSetChildDomain (25ms)
		EndReloadAssembly (654ms)
			LoadAssemblies (143ms)
			RebuildTransferFunctionScriptingTraits (0ms)
			SetupTypeCache (183ms)
			ReleaseScriptCaches (1ms)
			RebuildScriptCaches (26ms)
			SetupLoadedEditorAssemblies (280ms)
				LogAssemblyErrors (0ms)
				InitializePlatformSupportModulesInManaged (4ms)
				SetLoadedEditorAssemblies (0ms)
				RefreshPlugins (1ms)
				BeforeProcessingInitializeOnLoad (102ms)
				ProcessInitializeOnLoadAttributes (140ms)
				ProcessInitializeOnLoadMethodAttributes (12ms)
				AfterProcessingInitializeOnLoad (21ms)
				EditorAssembliesLoaded (0ms)
			ExecutionOrderSort2 (0ms)
			AwakeInstancesAfterBackupRestoration (3ms)
Platform modules already initialized, skipping
Refreshing native plugins compatible for Editor in 0.45 ms, found 3 plugins.
Preloading 0 native plugins for Editor in 0.00 ms.
Unloading 2212 Unused Serialized files (Serialized files now loaded: 0)
System memory in use before: 121.3 MB.
System memory in use after: 121.4 MB.

Unloading 20 unused Assets to reduce memory usage. Loaded Objects now: 2720.
Total: 2.470400 ms (FindLiveObjects: 0.174500 ms CreateObjectMapping: 0.055000 ms MarkObjects: 2.130000 ms  DeleteObjects: 0.110200 ms)

AssetImportParameters requested are different than current active one (requested -> active):
  custom:framework-win-MediaFoundation: 216162199b28c13a410421893ffa2e32 -> 
  custom:video-decoder-ogg-theora: a1e56fd34408186e4bbccfd4996cb3dc -> 
  custom:container-muxer-webm: aa71ff27fc2769a1b78a27578f13a17b -> 
  custom:container-demuxer-webm: 4f35f7cbe854078d1ac9338744f61a02 -> 
  custom:container-demuxer-ogg: 62fdf1f143b41e24485cea50d1cbac27 -> 
  custom:video-encoder-webm-vp8: eb34c28f22e8b96e1ab97ce403110664 -> 
  custom:video-decoder-webm-vp8: 9c59270c3fd7afecdb556c50c9e8de78 -> 
  custom:audio-decoder-ogg-vorbis: bf7c407c2cedff20999df2af8eb42d56 -> 
  custom:audio-encoder-webm-vorbis: bf7c407c2cedff20999df2af8eb42d56 -> 
========================================================================
Received Prepare
Registering precompiled user dll's ...
Registered in 0.007398 seconds.
Begin MonoManager ReloadAssembly
Native extension for WindowsStandalone target not found
Refreshing native plugins compatible for Editor in 0.47 ms, found 3 plugins.
Preloading 0 native plugins for Editor in 0.00 ms.
Mono: successfully reloaded assembly
- Completed reload, in  0.889 seconds
Domain Reload Profiling:
	ReloadAssembly (890ms)
		BeginReloadAssembly (154ms)
			ExecutionOrderSort (0ms)
			DisableScriptedObjects (5ms)
			BackupInstance (0ms)
			ReleaseScriptingObjects (0ms)
			CreateAndSetChildDomain (26ms)
		EndReloadAssembly (667ms)
			LoadAssemblies (148ms)
			RebuildTransferFunctionScriptingTraits (0ms)
			SetupTypeCache (187ms)
			ReleaseScriptCaches (1ms)
			RebuildScriptCaches (28ms)
			SetupLoadedEditorAssemblies (283ms)
				LogAssemblyErrors (0ms)
				InitializePlatformSupportModulesInManaged (4ms)
				SetLoadedEditorAssemblies (1ms)
				RefreshPlugins (1ms)
				BeforeProcessingInitializeOnLoad (104ms)
				ProcessInitializeOnLoadAttributes (137ms)
				ProcessInitializeOnLoadMethodAttributes (13ms)
				AfterProcessingInitializeOnLoad (24ms)
				EditorAssembliesLoaded (0ms)
			ExecutionOrderSort2 (0ms)
			AwakeInstancesAfterBackupRestoration (4ms)
Platform modules already initialized, skipping
Refreshing native plugins compatible for Editor in 0.55 ms, found 3 plugins.
Preloading 0 native plugins for Editor in 0.00 ms.
Unloading 2212 Unused Serialized files (Serialized files now loaded: 0)
System memory in use before: 121.3 MB.
System memory in use after: 121.4 MB.

Unloading 20 unused Assets to reduce memory usage. Loaded Objects now: 2723.
Total: 2.681700 ms (FindLiveObjects: 0.171200 ms CreateObjectMapping: 0.066700 ms MarkObjects: 2.343700 ms  DeleteObjects: 0.099400 ms)

AssetImportParameters requested are different than current active one (requested -> active):
  custom:framework-win-MediaFoundation: 216162199b28c13a410421893ffa2e32 -> 
  custom:video-decoder-ogg-theora: a1e56fd34408186e4bbccfd4996cb3dc -> 
  custom:container-muxer-webm: aa71ff27fc2769a1b78a27578f13a17b -> 
  custom:container-demuxer-webm: 4f35f7cbe854078d1ac9338744f61a02 -> 
  custom:container-demuxer-ogg: 62fdf1f143b41e24485cea50d1cbac27 -> 
  custom:video-encoder-webm-vp8: eb34c28f22e8b96e1ab97ce403110664 -> 
  custom:video-decoder-webm-vp8: 9c59270c3fd7afecdb556c50c9e8de78 -> 
  custom:audio-decoder-ogg-vorbis: bf7c407c2cedff20999df2af8eb42d56 -> 
  custom:audio-encoder-webm-vorbis: bf7c407c2cedff20999df2af8eb42d56 -> 
========================================================================
Received Prepare
Registering precompiled user dll's ...
Registered in 0.007470 seconds.
Begin MonoManager ReloadAssembly
Native extension for WindowsStandalone target not found
Refreshing native plugins compatible for Editor in 0.47 ms, found 3 plugins.
Preloading 0 native plugins for Editor in 0.00 ms.
Mono: successfully reloaded assembly
- Completed reload, in  0.954 seconds
Domain Reload Profiling:
	ReloadAssembly (955ms)
		BeginReloadAssembly (160ms)
			ExecutionOrderSort (0ms)
			DisableScriptedObjects (4ms)
			BackupInstance (0ms)
			ReleaseScriptingObjects (0ms)
			CreateAndSetChildDomain (26ms)
		EndReloadAssembly (720ms)
			LoadAssemblies (158ms)
			RebuildTransferFunctionScriptingTraits (0ms)
			SetupTypeCache (202ms)
			ReleaseScriptCaches (1ms)
			RebuildScriptCaches (30ms)
			SetupLoadedEditorAssemblies (309ms)
				LogAssemblyErrors (0ms)
				InitializePlatformSupportModulesInManaged (4ms)
				SetLoadedEditorAssemblies (0ms)
				RefreshPlugins (1ms)
				BeforeProcessingInitializeOnLoad (111ms)
				ProcessInitializeOnLoadAttributes (154ms)
				ProcessInitializeOnLoadMethodAttributes (15ms)
				AfterProcessingInitializeOnLoad (24ms)
				EditorAssembliesLoaded (0ms)
			ExecutionOrderSort2 (0ms)
			AwakeInstancesAfterBackupRestoration (3ms)
Platform modules already initialized, skipping
Refreshing native plugins compatible for Editor in 0.46 ms, found 3 plugins.
Preloading 0 native plugins for Editor in 0.00 ms.
Unloading 2212 Unused Serialized files (Serialized files now loaded: 0)
System memory in use before: 121.3 MB.
System memory in use after: 121.4 MB.

Unloading 20 unused Assets to reduce memory usage. Loaded Objects now: 2726.
Total: 2.956200 ms (FindLiveObjects: 0.179000 ms CreateObjectMapping: 0.071500 ms MarkObjects: 2.592900 ms  DeleteObjects: 0.112200 ms)

AssetImportParameters requested are different than current active one (requested -> active):
  custom:framework-win-MediaFoundation: 216162199b28c13a410421893ffa2e32 -> 
  custom:video-decoder-ogg-theora: a1e56fd34408186e4bbccfd4996cb3dc -> 
  custom:container-muxer-webm: aa71ff27fc2769a1b78a27578f13a17b -> 
  custom:container-demuxer-webm: 4f35f7cbe854078d1ac9338744f61a02 -> 
  custom:container-demuxer-ogg: 62fdf1f143b41e24485cea50d1cbac27 -> 
  custom:video-encoder-webm-vp8: eb34c28f22e8b96e1ab97ce403110664 -> 
  custom:video-decoder-webm-vp8: 9c59270c3fd7afecdb556c50c9e8de78 -> 
  custom:audio-decoder-ogg-vorbis: bf7c407c2cedff20999df2af8eb42d56 -> 
  custom:audio-encoder-webm-vorbis: bf7c407c2cedff20999df2af8eb42d56 -> 
========================================================================
Received Import Request.
  Time since last request: 2378.931189 seconds.
  path: Assets/1.Scene/1-x.unity
  artifactKey: Guid(bbfe58e9072a26b40860099aabf47b90) Importer(815301076,1909f56bfc062723c751e8b465ee728b)
Start importing Assets/1.Scene/1-x.unity using Guid(bbfe58e9072a26b40860099aabf47b90) Importer(815301076,1909f56bfc062723c751e8b465ee728b)  -> (artifact id: '4c21fb35d06374a58e05f358d5d2c921') in 0.007446 seconds 
========================================================================
Received Prepare
Registering precompiled user dll's ...
Registered in 0.006984 seconds.
Begin MonoManager ReloadAssembly
Native extension for WindowsStandalone target not found
Refreshing native plugins compatible for Editor in 0.46 ms, found 3 plugins.
Preloading 0 native plugins for Editor in 0.00 ms.
Mono: successfully reloaded assembly
- Completed reload, in  0.862 seconds
Domain Reload Profiling:
	ReloadAssembly (863ms)
		BeginReloadAssembly (149ms)
			ExecutionOrderSort (0ms)
			DisableScriptedObjects (4ms)
			BackupInstance (0ms)
			ReleaseScriptingObjects (0ms)
			CreateAndSetChildDomain (27ms)
		EndReloadAssembly (647ms)
			LoadAssemblies (142ms)
			RebuildTransferFunctionScriptingTraits (0ms)
			SetupTypeCache (182ms)
			ReleaseScriptCaches (1ms)
			RebuildScriptCaches (26ms)
			SetupLoadedEditorAssemblies (274ms)
				LogAssemblyErrors (0ms)
				InitializePlatformSupportModulesInManaged (4ms)
				SetLoadedEditorAssemblies (0ms)
				RefreshPlugins (1ms)
				BeforeProcessingInitializeOnLoad (100ms)
				ProcessInitializeOnLoadAttributes (137ms)
				ProcessInitializeOnLoadMethodAttributes (12ms)
				AfterProcessingInitializeOnLoad (20ms)
				EditorAssembliesLoaded (0ms)
			ExecutionOrderSort2 (0ms)
			AwakeInstancesAfterBackupRestoration (3ms)
Platform modules already initialized, skipping
Refreshing native plugins compatible for Editor in 0.45 ms, found 3 plugins.
Preloading 0 native plugins for Editor in 0.00 ms.
Unloading 2212 Unused Serialized files (Serialized files now loaded: 0)
System memory in use before: 121.3 MB.
System memory in use after: 121.4 MB.

Unloading 20 unused Assets to reduce memory usage. Loaded Objects now: 2729.
Total: 2.382400 ms (FindLiveObjects: 0.165500 ms CreateObjectMapping: 0.047600 ms MarkObjects: 2.061800 ms  DeleteObjects: 0.107000 ms)

AssetImportParameters requested are different than current active one (requested -> active):
  custom:framework-win-MediaFoundation: 216162199b28c13a410421893ffa2e32 -> 
  custom:video-decoder-ogg-theora: a1e56fd34408186e4bbccfd4996cb3dc -> 
  custom:container-muxer-webm: aa71ff27fc2769a1b78a27578f13a17b -> 
  custom:container-demuxer-webm: 4f35f7cbe854078d1ac9338744f61a02 -> 
  custom:container-demuxer-ogg: 62fdf1f143b41e24485cea50d1cbac27 -> 
  custom:video-encoder-webm-vp8: eb34c28f22e8b96e1ab97ce403110664 -> 
  custom:video-decoder-webm-vp8: 9c59270c3fd7afecdb556c50c9e8de78 -> 
  custom:audio-decoder-ogg-vorbis: bf7c407c2cedff20999df2af8eb42d56 -> 
  custom:audio-encoder-webm-vorbis: bf7c407c2cedff20999df2af8eb42d56 -> 
========================================================================
Received Prepare
Registering precompiled user dll's ...
Registered in 0.009028 seconds.
Begin MonoManager ReloadAssembly
Native extension for WindowsStandalone target not found
Refreshing native plugins compatible for Editor in 0.47 ms, found 3 plugins.
Preloading 0 native plugins for Editor in 0.00 ms.
Mono: successfully reloaded assembly
- Completed reload, in  0.947 seconds
Domain Reload Profiling:
	ReloadAssembly (951ms)
		BeginReloadAssembly (214ms)
			ExecutionOrderSort (0ms)
			DisableScriptedObjects (14ms)
			BackupInstance (0ms)
			ReleaseScriptingObjects (0ms)
			CreateAndSetChildDomain (59ms)
		EndReloadAssembly (661ms)
			LoadAssemblies (160ms)
			RebuildTransferFunctionScriptingTraits (0ms)
			SetupTypeCache (191ms)
			ReleaseScriptCaches (1ms)
			RebuildScriptCaches (27ms)
			SetupLoadedEditorAssemblies (274ms)
				LogAssemblyErrors (0ms)
				InitializePlatformSupportModulesInManaged (4ms)
				SetLoadedEditorAssemblies (0ms)
				RefreshPlugins (1ms)
				BeforeProcessingInitializeOnLoad (100ms)
				ProcessInitializeOnLoadAttributes (137ms)
				ProcessInitializeOnLoadMethodAttributes (12ms)
				AfterProcessingInitializeOnLoad (20ms)
				EditorAssembliesLoaded (0ms)
			ExecutionOrderSort2 (0ms)
			AwakeInstancesAfterBackupRestoration (3ms)
Platform modules already initialized, skipping
Refreshing native plugins compatible for Editor in 0.46 ms, found 3 plugins.
Preloading 0 native plugins for Editor in 0.00 ms.
Unloading 2212 Unused Serialized files (Serialized files now loaded: 0)
System memory in use before: 121.3 MB.
System memory in use after: 121.4 MB.

Unloading 20 unused Assets to reduce memory usage. Loaded Objects now: 2732.
Total: 2.567900 ms (FindLiveObjects: 0.193200 ms CreateObjectMapping: 0.056600 ms MarkObjects: 2.192600 ms  DeleteObjects: 0.124500 ms)

AssetImportParameters requested are different than current active one (requested -> active):
  custom:framework-win-MediaFoundation: 216162199b28c13a410421893ffa2e32 -> 
  custom:video-decoder-ogg-theora: a1e56fd34408186e4bbccfd4996cb3dc -> 
  custom:container-muxer-webm: aa71ff27fc2769a1b78a27578f13a17b -> 
  custom:container-demuxer-webm: 4f35f7cbe854078d1ac9338744f61a02 -> 
  custom:container-demuxer-ogg: 62fdf1f143b41e24485cea50d1cbac27 -> 
  custom:video-encoder-webm-vp8: eb34c28f22e8b96e1ab97ce403110664 -> 
  custom:video-decoder-webm-vp8: 9c59270c3fd7afecdb556c50c9e8de78 -> 
  custom:audio-decoder-ogg-vorbis: bf7c407c2cedff20999df2af8eb42d56 -> 
  custom:audio-encoder-webm-vorbis: bf7c407c2cedff20999df2af8eb42d56 -> 
========================================================================
Received Import Request.
  Time since last request: 8742.950967 seconds.
  path: Assets/3.Script/Game/Dot/G_DotController.cs
  artifactKey: Guid(060a2ec54ab601a479d11ad86cf23fca) Importer(815301076,1909f56bfc062723c751e8b465ee728b)
Start importing Assets/3.Script/Game/Dot/G_DotController.cs using Guid(060a2ec54ab601a479d11ad86cf23fca) Importer(815301076,1909f56bfc062723c751e8b465ee728b)  -> (artifact id: '5219c7ab4875d108af4e66f2c3849faa') in 0.050905 seconds 
========================================================================
Received Prepare
Registering precompiled user dll's ...
Registered in 0.007704 seconds.
Begin MonoManager ReloadAssembly
Native extension for WindowsStandalone target not found
Refreshing native plugins compatible for Editor in 0.46 ms, found 3 plugins.
Preloading 0 native plugins for Editor in 0.00 ms.
Mono: successfully reloaded assembly
- Completed reload, in  0.979 seconds
Domain Reload Profiling:
	ReloadAssembly (980ms)
		BeginReloadAssembly (234ms)
			ExecutionOrderSort (0ms)
			DisableScriptedObjects (11ms)
			BackupInstance (0ms)
			ReleaseScriptingObjects (0ms)
			CreateAndSetChildDomain (61ms)
		EndReloadAssembly (675ms)
			LoadAssemblies (180ms)
			RebuildTransferFunctionScriptingTraits (0ms)
			SetupTypeCache (198ms)
			ReleaseScriptCaches (1ms)
			RebuildScriptCaches (26ms)
			SetupLoadedEditorAssemblies (282ms)
				LogAssemblyErrors (0ms)
				InitializePlatformSupportModulesInManaged (4ms)
				SetLoadedEditorAssemblies (0ms)
				RefreshPlugins (1ms)
				BeforeProcessingInitializeOnLoad (104ms)
				ProcessInitializeOnLoadAttributes (141ms)
				ProcessInitializeOnLoadMethodAttributes (12ms)
				AfterProcessingInitializeOnLoad (21ms)
				EditorAssembliesLoaded (0ms)
			ExecutionOrderSort2 (0ms)
			AwakeInstancesAfterBackupRestoration (3ms)
Platform modules already initialized, skipping
Refreshing native plugins compatible for Editor in 0.45 ms, found 3 plugins.
Preloading 0 native plugins for Editor in 0.00 ms.
Unloading 2212 Unused Serialized files (Serialized files now loaded: 0)
System memory in use before: 121.3 MB.
System memory in use after: 121.4 MB.

Unloading 20 unused Assets to reduce memory usage. Loaded Objects now: 2735.
Total: 2.846600 ms (FindLiveObjects: 0.175500 ms CreateObjectMapping: 0.072000 ms MarkObjects: 2.476900 ms  DeleteObjects: 0.121600 ms)

AssetImportParameters requested are different than current active one (requested -> active):
  custom:framework-win-MediaFoundation: 216162199b28c13a410421893ffa2e32 -> 
  custom:video-decoder-ogg-theora: a1e56fd34408186e4bbccfd4996cb3dc -> 
  custom:container-muxer-webm: aa71ff27fc2769a1b78a27578f13a17b -> 
  custom:container-demuxer-webm: 4f35f7cbe854078d1ac9338744f61a02 -> 
  custom:container-demuxer-ogg: 62fdf1f143b41e24485cea50d1cbac27 -> 
  custom:video-encoder-webm-vp8: eb34c28f22e8b96e1ab97ce403110664 -> 
  custom:video-decoder-webm-vp8: 9c59270c3fd7afecdb556c50c9e8de78 -> 
  custom:audio-decoder-ogg-vorbis: bf7c407c2cedff20999df2af8eb42d56 -> 
  custom:audio-encoder-webm-vorbis: bf7c407c2cedff20999df2af8eb42d56 -> 
========================================================================
Received Import Request.
  Time since last request: 25.265854 seconds.
  path: Assets/3.Script/Game/Dot/G_DotController.cs
  artifactKey: Guid(060a2ec54ab601a479d11ad86cf23fca) Importer(815301076,1909f56bfc062723c751e8b465ee728b)
Start importing Assets/3.Script/Game/Dot/G_DotController.cs using Guid(060a2ec54ab601a479d11ad86cf23fca) Importer(815301076,1909f56bfc062723c751e8b465ee728b)  -> (artifact id: '8f5443fd6a3a2bf0c14fae60c276a02c') in 0.006735 seconds 
========================================================================
Received Prepare
Registering precompiled user dll's ...
Registered in 0.006818 seconds.
Begin MonoManager ReloadAssembly
Native extension for WindowsStandalone target not found
Refreshing native plugins compatible for Editor in 0.45 ms, found 3 plugins.
Preloading 0 native plugins for Editor in 0.00 ms.
Mono: successfully reloaded assembly
- Completed reload, in  0.851 seconds
Domain Reload Profiling:
	ReloadAssembly (851ms)
		BeginReloadAssembly (144ms)
			ExecutionOrderSort (0ms)
			DisableScriptedObjects (4ms)
			BackupInstance (0ms)
			ReleaseScriptingObjects (0ms)
			CreateAndSetChildDomain (25ms)
		EndReloadAssembly (641ms)
			LoadAssemblies (139ms)
			RebuildTransferFunctionScriptingTraits (0ms)
			SetupTypeCache (182ms)
			ReleaseScriptCaches (1ms)
			RebuildScriptCaches (26ms)
			SetupLoadedEditorAssemblies (272ms)
				LogAssemblyErrors (0ms)
				InitializePlatformSupportModulesInManaged (3ms)
				SetLoadedEditorAssemblies (0ms)
				RefreshPlugins (1ms)
				BeforeProcessingInitializeOnLoad (99ms)
				ProcessInitializeOnLoadAttributes (136ms)
				ProcessInitializeOnLoadMethodAttributes (12ms)
				AfterProcessingInitializeOnLoad (20ms)
				EditorAssembliesLoaded (0ms)
			ExecutionOrderSort2 (0ms)
			AwakeInstancesAfterBackupRestoration (3ms)
Platform modules already initialized, skipping
Refreshing native plugins compatible for Editor in 0.45 ms, found 3 plugins.
Preloading 0 native plugins for Editor in 0.00 ms.
Unloading 2212 Unused Serialized files (Serialized files now loaded: 0)
System memory in use before: 121.4 MB.
System memory in use after: 121.4 MB.

Unloading 20 unused Assets to reduce memory usage. Loaded Objects now: 2738.
Total: 2.566800 ms (FindLiveObjects: 0.185200 ms CreateObjectMapping: 0.093400 ms MarkObjects: 2.183200 ms  DeleteObjects: 0.104400 ms)

AssetImportParameters requested are different than current active one (requested -> active):
  custom:framework-win-MediaFoundation: 216162199b28c13a410421893ffa2e32 -> 
  custom:video-decoder-ogg-theora: a1e56fd34408186e4bbccfd4996cb3dc -> 
  custom:container-muxer-webm: aa71ff27fc2769a1b78a27578f13a17b -> 
  custom:container-demuxer-webm: 4f35f7cbe854078d1ac9338744f61a02 -> 
  custom:container-demuxer-ogg: 62fdf1f143b41e24485cea50d1cbac27 -> 
  custom:video-encoder-webm-vp8: eb34c28f22e8b96e1ab97ce403110664 -> 
  custom:video-decoder-webm-vp8: 9c59270c3fd7afecdb556c50c9e8de78 -> 
  custom:audio-decoder-ogg-vorbis: bf7c407c2cedff20999df2af8eb42d56 -> 
  custom:audio-encoder-webm-vorbis: bf7c407c2cedff20999df2af8eb42d56 -> 
========================================================================
Received Import Request.
  Time since last request: 3324.292177 seconds.
  path: Assets/3.Script/Game/Dot/G_DotController.cs
  artifactKey: Guid(060a2ec54ab601a479d11ad86cf23fca) Importer(815301076,1909f56bfc062723c751e8b465ee728b)
Start importing Assets/3.Script/Game/Dot/G_DotController.cs using Guid(060a2ec54ab601a479d11ad86cf23fca) Importer(815301076,1909f56bfc062723c751e8b465ee728b)  -> (artifact id: '5b504e1bc4dc67bf5dc6158905625d7d') in 0.051662 seconds 
========================================================================
Received Prepare
Registering precompiled user dll's ...
Registered in 0.008711 seconds.
Begin MonoManager ReloadAssembly
Native extension for WindowsStandalone target not found
Refreshing native plugins compatible for Editor in 0.47 ms, found 3 plugins.
Preloading 0 native plugins for Editor in 0.00 ms.
Mono: successfully reloaded assembly
- Completed reload, in  1.000 seconds
Domain Reload Profiling:
	ReloadAssembly (1002ms)
		BeginReloadAssembly (241ms)
			ExecutionOrderSort (0ms)
			DisableScriptedObjects (10ms)
			BackupInstance (0ms)
			ReleaseScriptingObjects (0ms)
			CreateAndSetChildDomain (63ms)
		EndReloadAssembly (689ms)
			LoadAssemblies (188ms)
			RebuildTransferFunctionScriptingTraits (0ms)
			SetupTypeCache (214ms)
			ReleaseScriptCaches (1ms)
			RebuildScriptCaches (26ms)
			SetupLoadedEditorAssemblies (275ms)
				LogAssemblyErrors (0ms)
				InitializePlatformSupportModulesInManaged (4ms)
				SetLoadedEditorAssemblies (0ms)
				RefreshPlugins (1ms)
				BeforeProcessingInitializeOnLoad (100ms)
				ProcessInitializeOnLoadAttributes (136ms)
				ProcessInitializeOnLoadMethodAttributes (13ms)
				AfterProcessingInitializeOnLoad (21ms)
				EditorAssembliesLoaded (0ms)
			ExecutionOrderSort2 (0ms)
			AwakeInstancesAfterBackupRestoration (4ms)
Platform modules already initialized, skipping
Refreshing native plugins compatible for Editor in 0.45 ms, found 3 plugins.
Preloading 0 native plugins for Editor in 0.00 ms.
Unloading 2212 Unused Serialized files (Serialized files now loaded: 0)
System memory in use before: 121.4 MB.
System memory in use after: 121.4 MB.

Unloading 20 unused Assets to reduce memory usage. Loaded Objects now: 2741.
Total: 2.724000 ms (FindLiveObjects: 0.183100 ms CreateObjectMapping: 0.086500 ms MarkObjects: 2.334000 ms  DeleteObjects: 0.119800 ms)

AssetImportParameters requested are different than current active one (requested -> active):
  custom:framework-win-MediaFoundation: 216162199b28c13a410421893ffa2e32 -> 
  custom:video-decoder-ogg-theora: a1e56fd34408186e4bbccfd4996cb3dc -> 
  custom:container-muxer-webm: aa71ff27fc2769a1b78a27578f13a17b -> 
  custom:container-demuxer-webm: 4f35f7cbe854078d1ac9338744f61a02 -> 
  custom:container-demuxer-ogg: 62fdf1f143b41e24485cea50d1cbac27 -> 
  custom:video-encoder-webm-vp8: eb34c28f22e8b96e1ab97ce403110664 -> 
  custom:video-decoder-webm-vp8: 9c59270c3fd7afecdb556c50c9e8de78 -> 
  custom:audio-decoder-ogg-vorbis: bf7c407c2cedff20999df2af8eb42d56 -> 
  custom:audio-encoder-webm-vorbis: bf7c407c2cedff20999df2af8eb42d56 -> 
========================================================================
Received Import Request.
  Time since last request: 68.664041 seconds.
  path: Assets/3.Script/Game/Dot/G_DotController.cs
  artifactKey: Guid(060a2ec54ab601a479d11ad86cf23fca) Importer(815301076,1909f56bfc062723c751e8b465ee728b)
Start importing Assets/3.Script/Game/Dot/G_DotController.cs using Guid(060a2ec54ab601a479d11ad86cf23fca) Importer(815301076,1909f56bfc062723c751e8b465ee728b)  -> (artifact id: '0fd2c9d14f98fe0d9188641d85c968d2') in 0.007097 seconds 
========================================================================
Received Prepare
Registering precompiled user dll's ...
Registered in 0.006809 seconds.
Begin MonoManager ReloadAssembly
Native extension for WindowsStandalone target not found
Refreshing native plugins compatible for Editor in 0.45 ms, found 3 plugins.
Preloading 0 native plugins for Editor in 0.00 ms.
Mono: successfully reloaded assembly
- Completed reload, in  0.889 seconds
Domain Reload Profiling:
	ReloadAssembly (890ms)
		BeginReloadAssembly (147ms)
			ExecutionOrderSort (0ms)
			DisableScriptedObjects (5ms)
			BackupInstance (0ms)
			ReleaseScriptingObjects (0ms)
			CreateAndSetChildDomain (25ms)
		EndReloadAssembly (672ms)
			LoadAssemblies (143ms)
			RebuildTransferFunctionScriptingTraits (0ms)
			SetupTypeCache (185ms)
			ReleaseScriptCaches (1ms)
			RebuildScriptCaches (27ms)
			SetupLoadedEditorAssemblies (286ms)
				LogAssemblyErrors (0ms)
				InitializePlatformSupportModulesInManaged (4ms)
				SetLoadedEditorAssemblies (0ms)
				RefreshPlugins (0ms)
				BeforeProcessingInitializeOnLoad (106ms)
				ProcessInitializeOnLoadAttributes (142ms)
				ProcessInitializeOnLoadMethodAttributes (12ms)
				AfterProcessingInitializeOnLoad (22ms)
				EditorAssembliesLoaded (0ms)
			ExecutionOrderSort2 (0ms)
			AwakeInstancesAfterBackupRestoration (3ms)
Platform modules already initialized, skipping
Refreshing native plugins compatible for Editor in 0.46 ms, found 3 plugins.
Preloading 0 native plugins for Editor in 0.00 ms.
Unloading 2212 Unused Serialized files (Serialized files now loaded: 0)
System memory in use before: 121.4 MB.
System memory in use after: 121.4 MB.

Unloading 20 unused Assets to reduce memory usage. Loaded Objects now: 2744.
Total: 2.458200 ms (FindLiveObjects: 0.223800 ms CreateObjectMapping: 0.046400 ms MarkObjects: 2.085900 ms  DeleteObjects: 0.101400 ms)

AssetImportParameters requested are different than current active one (requested -> active):
  custom:framework-win-MediaFoundation: 216162199b28c13a410421893ffa2e32 -> 
  custom:video-decoder-ogg-theora: a1e56fd34408186e4bbccfd4996cb3dc -> 
  custom:container-muxer-webm: aa71ff27fc2769a1b78a27578f13a17b -> 
  custom:container-demuxer-webm: 4f35f7cbe854078d1ac9338744f61a02 -> 
  custom:container-demuxer-ogg: 62fdf1f143b41e24485cea50d1cbac27 -> 
  custom:video-encoder-webm-vp8: eb34c28f22e8b96e1ab97ce403110664 -> 
  custom:video-decoder-webm-vp8: 9c59270c3fd7afecdb556c50c9e8de78 -> 
  custom:audio-decoder-ogg-vorbis: bf7c407c2cedff20999df2af8eb42d56 -> 
  custom:audio-encoder-webm-vorbis: bf7c407c2cedff20999df2af8eb42d56 -> 
========================================================================
Received Import Request.
  Time since last request: 7.357069 seconds.
  path: Assets/3.Script/Game/Dot/G_DotController.cs
  artifactKey: Guid(060a2ec54ab601a479d11ad86cf23fca) Importer(815301076,1909f56bfc062723c751e8b465ee728b)
Start importing Assets/3.Script/Game/Dot/G_DotController.cs using Guid(060a2ec54ab601a479d11ad86cf23fca) Importer(815301076,1909f56bfc062723c751e8b465ee728b)  -> (artifact id: '0de02d793cb812fc43c39be8a51cb24a') in 0.007324 seconds 
========================================================================
Received Prepare
Registering precompiled user dll's ...
Registered in 0.006828 seconds.
Begin MonoManager ReloadAssembly
Native extension for WindowsStandalone target not found
Refreshing native plugins compatible for Editor in 0.45 ms, found 3 plugins.
Preloading 0 native plugins for Editor in 0.00 ms.
Mono: successfully reloaded assembly
- Completed reload, in  0.895 seconds
Domain Reload Profiling:
	ReloadAssembly (896ms)
		BeginReloadAssembly (150ms)
			ExecutionOrderSort (0ms)
			DisableScriptedObjects (5ms)
			BackupInstance (0ms)
			ReleaseScriptingObjects (0ms)
			CreateAndSetChildDomain (24ms)
		EndReloadAssembly (673ms)
			LoadAssemblies (149ms)
			RebuildTransferFunctionScriptingTraits (0ms)
			SetupTypeCache (188ms)
			ReleaseScriptCaches (1ms)
			RebuildScriptCaches (27ms)
			SetupLoadedEditorAssemblies (283ms)
				LogAssemblyErrors (0ms)
				InitializePlatformSupportModulesInManaged (4ms)
				SetLoadedEditorAssemblies (0ms)
				RefreshPlugins (1ms)
				BeforeProcessingInitializeOnLoad (104ms)
				ProcessInitializeOnLoadAttributes (141ms)
				ProcessInitializeOnLoadMethodAttributes (11ms)
				AfterProcessingInitializeOnLoad (22ms)
				EditorAssembliesLoaded (0ms)
			ExecutionOrderSort2 (0ms)
			AwakeInstancesAfterBackupRestoration (3ms)
Platform modules already initialized, skipping
Refreshing native plugins compatible for Editor in 0.45 ms, found 3 plugins.
Preloading 0 native plugins for Editor in 0.00 ms.
Unloading 2212 Unused Serialized files (Serialized files now loaded: 0)
System memory in use before: 121.5 MB.
System memory in use after: 121.5 MB.

Unloading 20 unused Assets to reduce memory usage. Loaded Objects now: 2747.
Total: 2.621600 ms (FindLiveObjects: 0.174900 ms CreateObjectMapping: 0.054500 ms MarkObjects: 2.290300 ms  DeleteObjects: 0.101300 ms)

AssetImportParameters requested are different than current active one (requested -> active):
  custom:framework-win-MediaFoundation: 216162199b28c13a410421893ffa2e32 -> 
  custom:video-decoder-ogg-theora: a1e56fd34408186e4bbccfd4996cb3dc -> 
  custom:container-muxer-webm: aa71ff27fc2769a1b78a27578f13a17b -> 
  custom:container-demuxer-webm: 4f35f7cbe854078d1ac9338744f61a02 -> 
  custom:container-demuxer-ogg: 62fdf1f143b41e24485cea50d1cbac27 -> 
  custom:video-encoder-webm-vp8: eb34c28f22e8b96e1ab97ce403110664 -> 
  custom:video-decoder-webm-vp8: 9c59270c3fd7afecdb556c50c9e8de78 -> 
  custom:audio-decoder-ogg-vorbis: bf7c407c2cedff20999df2af8eb42d56 -> 
  custom:audio-encoder-webm-vorbis: bf7c407c2cedff20999df2af8eb42d56 -> 
